<?xml version="1.0" encoding="UTF-8"?>
<testsuite xmlns:xsi="http://www.w3.org/2001/XMLSchema-instance" xsi:noNamespaceSchemaLocation="https://maven.apache.org/surefire/maven-surefire-plugin/xsd/surefire-test-report-3.0.xsd" version="3.0" name="com.sap.cc.videostore.StatementTest" time="0.875" tests="8" errors="0" skipped="0" failures="0">
  <properties>
[...]
</properties>
  <testcase name="testStatementNewReleaseLongRental" classname="com.sap.cc.videostore.StatementTest" time="0.555"/>
  <testcase name="testStatementRegularShortRental" classname="com.sap.cc.videostore.StatementTest" time="0.004"/>
  <testcase name="testStatementNoRental" classname="com.sap.cc.videostore.StatementTest" time="0.008"/>
  <testcase name="testStatementRegularLongRental" classname="com.sap.cc.videostore.StatementTest" time="0.004"/>
  <testcase name="testStatementNewReleaseShortRental" classname="com.sap.cc.videostore.StatementTest" time="0.002"/>
  <testcase name="testStatementChildrensLongRental" classname="com.sap.cc.videostore.StatementTest" time="0.004"/>
  <testcase name="testStatementChildrensShortRental" classname="com.sap.cc.videostore.StatementTest" time="0.004"/>
  <testcase name="testStatementSeveralRentals" classname="com.sap.cc.videostore.StatementTest" time="0.007"/>
</testsuite>