<?xml version="1.0" encoding="UTF-8"?>
<testsuite xmlns:xsi="http://www.w3.org/2001/XMLSchema-instance" xsi:noNamespaceSchemaLocation="https://maven.apache.org/surefire/maven-surefire-plugin/xsd/surefire-test-report.xsd" name="com.sap.cc.tdd.FizzBuzzTest" time="0.689" tests="6" errors="0" skipped="0" failures="0">
  <properties>
[...]
</properties>
  <testcase name="fiveShouldGiveFive" classname="com.sap.cc.tdd.FizzBuzzTest" time="0.579"/>
  <testcase name="oneShouldGiveOne" classname="com.sap.cc.tdd.FizzBuzzTest" time="0.002"/>
  <testcase name="threeShouldGiveThree" classname="com.sap.cc.tdd.FizzBuzzTest" time="0.003"/>
  <testcase name="fifteenShouldGiveFifteen" classname="com.sap.cc.tdd.FizzBuzzTest" time="0.002"/>
  <testcase name="tenShouldGiveTen" classname="com.sap.cc.tdd.FizzBuzzTest" time="0.002"/>
  <testcase name="twoShouldGiveTwo" classname="com.sap.cc.tdd.FizzBuzzTest" time="0.003"/>
</testsuite>